<?xml version="1.0" encoding="UTF-8"?>
<!-- Generated by org.testng.reporters.JUnitReportReporter -->
<testsuite hostname="DESKTOP-IHTO98L" failures="0" tests="1" name="com.assignment.fancode.FancodeTest" time="3.395" errors="0" timestamp="2024-10-09T01:39:31 IST" skipped="0">
  <testcase classname="com.assignment.fancode.FancodeTest" name="TaskCompletedMoreThan50PercentTest" time="3.395"/>
  <system-out/>
</testsuite> <!-- com.assignment.fancode.FancodeTest -->
